\BOOKMARK [1][-]{section.1}{Einleitung}{}% 1
\BOOKMARK [1][-]{section.2}{Problemf\344lle}{}% 2
\BOOKMARK [2][-]{subsection.2.1}{Herangehensweise}{section.2}% 3
\BOOKMARK [3][-]{subsubsection.2.1.1}{Struktur\040einzelner\040Beispiele}{subsection.2.1}% 4
\BOOKMARK [2][-]{subsection.2.2}{Elemente\040in\040einem\040Quelltext}{section.2}% 5
\BOOKMARK [3][-]{subsubsection.2.2.1}{Kommandos}{subsection.2.2}% 6
\BOOKMARK [3][-]{subsubsection.2.2.2}{Zus\344tzliche\040Parameter}{subsection.2.2}% 7
\BOOKMARK [3][-]{subsubsection.2.2.3}{Makros\040und\040Umgebungen}{subsection.2.2}% 8
\BOOKMARK [2][-]{subsection.2.3}{Mehrere\040Quelltexte}{section.2}% 9
\BOOKMARK [3][-]{subsubsection.2.3.1}{TeX\040und\040Andere}{subsection.2.3}% 10
\BOOKMARK [3][-]{subsubsection.2.3.2}{Pakete\040und\040Klassen}{subsection.2.3}% 11
\BOOKMARK [3][-]{subsubsection.2.3.3}{Hilfsdateien}{subsection.2.3}% 12
\BOOKMARK [3][-]{subsubsection.2.3.4}{Zitationen}{subsection.2.3}% 13
\BOOKMARK [2][-]{subsection.2.4}{Spezifisch}{section.2}% 14
\BOOKMARK [3][-]{subsubsection.2.4.1}{Sprachliche\040H\374rden}{subsection.2.4}% 15
\BOOKMARK [3][-]{subsubsection.2.4.2}{Layouting-Probleme}{subsection.2.4}% 16
\BOOKMARK [1][-]{section.3}{Stand\040der\040Technik}{}% 17
\BOOKMARK [2][-]{subsection.3.1}{Anforderungen}{section.3}% 18
\BOOKMARK [2][-]{subsection.3.2}{Denkbare\040Ans\344tze}{section.3}% 19
\BOOKMARK [2][-]{subsection.3.3}{Existierende\040Ans\344tze}{section.3}% 20
\BOOKMARK [3][-]{subsubsection.3.3.1}{Testverfahren}{subsection.3.3}% 21
\BOOKMARK [3][-]{subsubsection.3.3.2}{Durchf\374hrung}{subsection.3.3}% 22
\BOOKMARK [3][-]{subsubsection.3.3.3}{Auswertung}{subsection.3.3}% 23
\BOOKMARK [2][-]{subsection.3.4}{Grenzen\040der\040L\366sungen}{section.3}% 24
\BOOKMARK [2][-]{subsection.3.5}{Takeaways}{section.3}% 25
\BOOKMARK [1][-]{section.4}{Eigenst\344ndigkeitserkl\344rung}{}% 26
\BOOKMARK [1][-]{section*.22}{Literatur}{}% 27
\BOOKMARK [1][-]{section.chX.1}{Anh\344nge}{}% 28
\BOOKMARK [2][-]{subsection.chX.1.1}{Fontskalierung\040auf\040Webseiten}{section.chX.1}% 29
